#
# A fatal error has been detected by the Java Runtime Environment:
#
#  EXCEPTION_ACCESS_VIOLATION (0xc0000005) at pc=0x000000006339bfe3, pid=1448, tid=0x0000000000002bbc
#
# JRE version: Java(TM) SE Runtime Environment (8.0_181-b13) (build 1.8.0_181-b13)
# Java VM: Java HotSpot(TM) 64-Bit Server VM (25.181-b13 mixed mode windows-amd64 compressed oops)
# Problematic frame:
# C  [msvcr100.dll+0x3bfe3]
#
# Failed to write core dump. Minidumps are not enabled by default on client versions of Windows
#
# If you would like to submit a bug report, please visit:
#   http://bugreport.java.com/bugreport/crash.jsp
#

---------------  T H R E A D  ---------------

Current thread (0x00000000027bc800):  JavaThread "main" [_thread_in_vm, id=11196, stack(0x0000000002630000,0x0000000002730000)]

siginfo: ExceptionCode=0xc0000005, writing address 0x0000000000000010

Registers:
RAX=0x00000000d65ba101, RBX=0x00000000027bc800, RCX=0x0000000000000010, RDX=0x00000000d65ba160
RSP=0x000000000272c1e8, RBP=0x00000000d65ba160, RSI=0x0000000000000001, RDI=0x0000000000000000
R8 =0x0000000000000001, R9 =0x0000000000000010, R10=0x0000000002a81dc4, R11=0x0000000000000010
R12=0x0000000000000010, R13=0x0000000017031158, R14=0x000000000272c370, R15=0x00000000027bc800
RIP=0x000000006339bfe3, EFLAGS=0x0000000000010202

Top of Stack: (sp=0x000000000272c1e8)
0x000000000272c1e8:   0000000062d27333 00000000000003d8
0x000000000272c1f8:   0000000002965fd0 00000000027bee70
0x000000000272c208:   0000000062b696c6 0000000017031158
0x000000000272c218:   0000000062c94967 0000000002a68180
0x000000000272c228:   0000000002a81b22 000000000272c2d0
0x000000000272c238:   00000000027bc800 0000000017031158
0x000000000272c248:   000000002000b8e5 0000000000000000
0x000000000272c258:   0000000002a81df0 0000000002a68180
0x000000000272c268:   0000000017031158 000000000272c310
0x000000000272c278:   000000002000b8e5 0000000000000000
0x000000000272c288:   0000000000000010 0000000000000001
0x000000000272c298:   0000000002a8197a 00000000027bc800
0x000000000272c2a8:   0000000017031158 000000002000b8e5
0x000000000272c2b8:   00000000027bc800 000000000272c3e0
0x000000000272c2c8:   0000000002a81942 000000000272c2d0
0x000000000272c2d8:   0000000017031158 000000000272c370 

Instructions: (pc=0x000000006339bfe3)
0x000000006339bfc3:   48 89 01 48 83 c1 08 49 ff c9 75 f0 49 83 e0 07
0x000000006339bfd3:   4d 85 c0 75 08 49 8b c3 c3 0f 1f 40 00 8a 04 0a
0x000000006339bfe3:   88 01 48 ff c1 49 ff c8 75 f3 49 8b c3 c3 66 66
0x000000006339bff3:   66 66 66 66 66 0f 1f 84 00 00 00 00 00 66 66 66 


Register to memory mapping:

RAX=0x00000000d65ba101 is an unknown value
RBX=0x00000000027bc800 is a thread
RCX=0x0000000000000010 is an unknown value
RDX=0x00000000d65ba160 is an oop
java.lang.Byte 
 - klass: 'java/lang/Byte'
RSP=0x000000000272c1e8 is pointing into the stack for thread: 0x00000000027bc800
RBP=0x00000000d65ba160 is an oop
java.lang.Byte 
 - klass: 'java/lang/Byte'
RSI=0x0000000000000001 is an unknown value
RDI=0x0000000000000000 is an unknown value
R8 =0x0000000000000001 is an unknown value
R9 =0x0000000000000010 is an unknown value
R10=0x0000000002a81dc4 is at code_begin+1700 in an Interpreter codelet
method entry point (kind = native)  [0x0000000002a81720, 0x0000000002a827e0]  4288 bytes
R11=0x0000000000000010 is an unknown value
R12=0x0000000000000010 is an unknown value
R13={method} {0x0000000017031160} 'copyMemory' '(Ljava/lang/Object;JLjava/lang/Object;JJ)V' in 'sun/misc/Unsafe'
R14=0x000000000272c370 is pointing into the stack for thread: 0x00000000027bc800
R15=0x00000000027bc800 is a thread


Stack: [0x0000000002630000,0x0000000002730000],  sp=0x000000000272c1e8,  free space=1008k
Native frames: (J=compiled Java code, j=interpreted, Vv=VM code, C=native code)
C  [msvcr100.dll+0x3bfe3]
V  [jvm.dll+0x277333]
V  [jvm.dll+0x1e4967]
C  0x0000000002a81df0

Java frames: (J=compiled Java code, j=interpreted, Vv=VM code)
j  sun.misc.Unsafe.copyMemory(Ljava/lang/Object;JLjava/lang/Object;JJ)V+0
j  com.transfer.encoder.encoder.impl.EncoderImpl.bytes2unicode(B)Ljava/lang/Integer;+21
v  ~StubRoutines::call_stub
j  sun.reflect.NativeMethodAccessorImpl.invoke0(Ljava/lang/reflect/Method;Ljava/lang/Object;[Ljava/lang/Object;)Ljava/lang/Object;+0
j  sun.reflect.NativeMethodAccessorImpl.invoke(Ljava/lang/Object;[Ljava/lang/Object;)Ljava/lang/Object;+100
j  sun.reflect.DelegatingMethodAccessorImpl.invoke(Ljava/lang/Object;[Ljava/lang/Object;)Ljava/lang/Object;+6
j  java.lang.reflect.Method.invoke(Ljava/lang/Object;[Ljava/lang/Object;)Ljava/lang/Object;+56
j  com.transfer.encoder.EncoderApplicationTests.contextLoads()V+47
v  ~StubRoutines::call_stub
j  sun.reflect.NativeMethodAccessorImpl.invoke0(Ljava/lang/reflect/Method;Ljava/lang/Object;[Ljava/lang/Object;)Ljava/lang/Object;+0
j  sun.reflect.NativeMethodAccessorImpl.invoke(Ljava/lang/Object;[Ljava/lang/Object;)Ljava/lang/Object;+100
j  sun.reflect.DelegatingMethodAccessorImpl.invoke(Ljava/lang/Object;[Ljava/lang/Object;)Ljava/lang/Object;+6
j  java.lang.reflect.Method.invoke(Ljava/lang/Object;[Ljava/lang/Object;)Ljava/lang/Object;+56
j  org.junit.platform.commons.util.ReflectionUtils.invokeMethod(Ljava/lang/reflect/Method;Ljava/lang/Object;[Ljava/lang/Object;)Ljava/lang/Object;+41
j  org.junit.jupiter.engine.execution.MethodInvocation.proceed()Ljava/lang/Object;+16
j  org.junit.jupiter.engine.execution.InvocationInterceptorChain$ValidatingInvocation.proceed()Ljava/lang/Object;+8
j  org.junit.jupiter.engine.extension.TimeoutExtension.intercept(Lorg/junit/jupiter/api/extension/InvocationInterceptor$Invocation;Lorg/junit/jupiter/api/extension/ReflectiveInvocationContext;Lorg/junit/jupiter/api/extension/ExtensionContext;Lorg/junit/jupiter/engine/extension/TimeoutDuration;Lorg/junit/jupiter/engine/extension/TimeoutExtension$TimeoutProvider;)Ljava/lang/Object;+28
j  org.junit.jupiter.engine.extension.TimeoutExtension.interceptTestableMethod(Lorg/junit/jupiter/api/extension/InvocationInterceptor$Invocation;Lorg/junit/jupiter/api/extension/ReflectiveInvocationContext;Lorg/junit/jupiter/api/extension/ExtensionContext;Lorg/junit/jupiter/engine/extension/TimeoutExtension$TimeoutProvider;)Ljava/lang/Object;+31
j  org.junit.jupiter.engine.extension.TimeoutExtension.interceptTestMethod(Lorg/junit/jupiter/api/extension/InvocationInterceptor$Invocation;Lorg/junit/jupiter/api/extension/ReflectiveInvocationContext;Lorg/junit/jupiter/api/extension/ExtensionContext;)V+9
j  org.junit.jupiter.engine.descriptor.TestMethodTestDescriptor$$Lambda$104.apply(Lorg/junit/jupiter/api/extension/InvocationInterceptor;Lorg/junit/jupiter/api/extension/InvocationInterceptor$Invocation;Lorg/junit/jupiter/api/extension/ReflectiveInvocationContext;Lorg/junit/jupiter/api/extension/ExtensionContext;)V+5
j  org.junit.jupiter.engine.execution.ExecutableInvoker$ReflectiveInterceptorCall.lambda$ofVoidMethod$0(Lorg/junit/jupiter/engine/execution/ExecutableInvoker$ReflectiveInterceptorCall$VoidMethodInterceptorCall;Lorg/junit/jupiter/api/extension/InvocationInterceptor;Lorg/junit/jupiter/api/extension/InvocationInterceptor$Invocation;Lorg/junit/jupiter/api/extension/ReflectiveInvocationContext;Lorg/junit/jupiter/api/extension/ExtensionContext;)Ljava/lang/Void;+6
j  org.junit.jupiter.engine.execution.ExecutableInvoker$ReflectiveInterceptorCall$$Lambda$105.apply(Lorg/junit/jupiter/api/extension/InvocationInterceptor;Lorg/junit/jupiter/api/extension/InvocationInterceptor$Invocation;Lorg/junit/jupiter/api/extension/ReflectiveInvocationContext;Lorg/junit/jupiter/api/extension/ExtensionContext;)Ljava/lang/Object;+9
j  org.junit.jupiter.engine.execution.ExecutableInvoker.lambda$invoke$0(Lorg/junit/jupiter/engine/execution/ExecutableInvoker$ReflectiveInterceptorCall;Lorg/junit/jupiter/api/extension/ReflectiveInvocationContext;Lorg/junit/jupiter/api/extension/ExtensionContext;Lorg/junit/jupiter/api/extension/InvocationInterceptor;Lorg/junit/jupiter/api/extension/InvocationInterceptor$Invocation;)Ljava/lang/Object;+6
j  org.junit.jupiter.engine.execution.ExecutableInvoker$$Lambda$236.apply(Lorg/junit/jupiter/api/extension/InvocationInterceptor;Lorg/junit/jupiter/api/extension/InvocationInterceptor$Invocation;)Ljava/lang/Object;+14
j  org.junit.jupiter.engine.execution.InvocationInterceptorChain$InterceptedInvocation.proceed()Ljava/lang/Object;+12
j  org.junit.jupiter.engine.execution.InvocationInterceptorChain.proceed(Lorg/junit/jupiter/api/extension/InvocationInterceptor$Invocation;)Ljava/lang/Object;+1
j  org.junit.jupiter.engine.execution.InvocationInterceptorChain.chainAndInvoke(Lorg/junit/jupiter/api/extension/InvocationInterceptor$Invocation;Lorg/junit/jupiter/engine/execution/InvocationInterceptorChain$InterceptorCall;Ljava/util/List;)Ljava/lang/Object;+24
j  org.junit.jupiter.engine.execution.InvocationInterceptorChain.invoke(Lorg/junit/jupiter/api/extension/InvocationInterceptor$Invocation;Lorg/junit/jupiter/engine/extension/ExtensionRegistry;Lorg/junit/jupiter/engine/execution/InvocationInterceptorChain$InterceptorCall;)Ljava/lang/Object;+31
j  org.junit.jupiter.engine.execution.ExecutableInvoker.invoke(Lorg/junit/jupiter/api/extension/InvocationInterceptor$Invocation;Lorg/junit/jupiter/api/extension/ReflectiveInvocationContext;Lorg/junit/jupiter/api/extension/ExtensionContext;Lorg/junit/jupiter/engine/extension/ExtensionRegistry;Lorg/junit/jupiter/engine/execution/ExecutableInvoker$ReflectiveInterceptorCall;)Ljava/lang/Object;+15
j  org.junit.jupiter.engine.execution.ExecutableInvoker.invoke(Ljava/lang/reflect/Method;Ljava/lang/Object;Lorg/junit/jupiter/api/extension/ExtensionContext;Lorg/junit/jupiter/engine/extension/ExtensionRegistry;Lorg/junit/jupiter/engine/execution/ExecutableInvoker$ReflectiveInterceptorCall;)Ljava/lang/Object;+56
j  org.junit.jupiter.engine.descriptor.TestMethodTestDescriptor.lambda$invokeTestMethod$6(Lorg/junit/jupiter/api/extension/ExtensionContext;Lorg/junit/jupiter/engine/execution/JupiterEngineExecutionContext;)V+28
j  org.junit.jupiter.engine.descriptor.TestMethodTestDescriptor$$Lambda$246.execute()V+12
j  org.junit.platform.engine.support.hierarchical.ThrowableCollector.execute(Lorg/junit/platform/engine/support/hierarchical/ThrowableCollector$Executable;)V+1
j  org.junit.jupiter.engine.descriptor.TestMethodTestDescriptor.invokeTestMethod(Lorg/junit/jupiter/engine/execution/JupiterEngineExecutionContext;Lorg/junit/platform/engine/support/hierarchical/Node$DynamicTestExecutor;)V+21
j  org.junit.jupiter.engine.descriptor.TestMethodTestDescriptor.execute(Lorg/junit/jupiter/engine/execution/JupiterEngineExecutionContext;Lorg/junit/platform/engine/support/hierarchical/Node$DynamicTestExecutor;)Lorg/junit/jupiter/engine/execution/JupiterEngineExecutionContext;+44
j  org.junit.jupiter.engine.descriptor.TestMethodTestDescriptor.execute(Lorg/junit/platform/engine/support/hierarchical/EngineExecutionContext;Lorg/junit/platform/engine/support/hierarchical/Node$DynamicTestExecutor;)Lorg/junit/platform/engine/support/hierarchical/EngineExecutionContext;+6
j  org.junit.platform.engine.support.hierarchical.NodeTestTask.lambda$executeRecursively$5()V+79
j  org.junit.platform.engine.support.hierarchical.NodeTestTask$$Lambda$179.execute()V+4
j  org.junit.platform.engine.support.hierarchical.ThrowableCollector.execute(Lorg/junit/platform/engine/support/hierarchical/ThrowableCollector$Executable;)V+1
j  org.junit.platform.engine.support.hierarchical.NodeTestTask.lambda$executeRecursively$7(Lorg/junit/platform/engine/support/hierarchical/EngineExecutionContext;)V+15
j  org.junit.platform.engine.support.hierarchical.NodeTestTask$$Lambda$178.invoke(Lorg/junit/platform/engine/support/hierarchical/EngineExecutionContext;)V+5
j  org.junit.platform.engine.support.hierarchical.Node.around(Lorg/junit/platform/engine/support/hierarchical/EngineExecutionContext;Lorg/junit/platform/engine/support/hierarchical/Node$Invocation;)V+2
j  org.junit.platform.engine.support.hierarchical.NodeTestTask.lambda$executeRecursively$8()V+14
j  org.junit.platform.engine.support.hierarchical.NodeTestTask$$Lambda$177.execute()V+4
j  org.junit.platform.engine.support.hierarchical.ThrowableCollector.execute(Lorg/junit/platform/engine/support/hierarchical/ThrowableCollector$Executable;)V+1
j  org.junit.platform.engine.support.hierarchical.NodeTestTask.executeRecursively()V+31
j  org.junit.platform.engine.support.hierarchical.NodeTestTask.execute()V+55
j  org.junit.platform.engine.support.hierarchical.SameThreadHierarchicalTestExecutorService$$Lambda$183.accept(Ljava/lang/Object;)V+4
j  java.util.ArrayList.forEach(Ljava/util/function/Consumer;)V+47
j  org.junit.platform.engine.support.hierarchical.SameThreadHierarchicalTestExecutorService.invokeAll(Ljava/util/List;)V+6
j  org.junit.platform.engine.support.hierarchical.NodeTestTask.lambda$executeRecursively$5()V+116
j  org.junit.platform.engine.support.hierarchical.NodeTestTask$$Lambda$179.execute()V+4
j  org.junit.platform.engine.support.hierarchical.ThrowableCollector.execute(Lorg/junit/platform/engine/support/hierarchical/ThrowableCollector$Executable;)V+1
j  org.junit.platform.engine.support.hierarchical.NodeTestTask.lambda$executeRecursively$7(Lorg/junit/platform/engine/support/hierarchical/EngineExecutionContext;)V+15
j  org.junit.platform.engine.support.hierarchical.NodeTestTask$$Lambda$178.invoke(Lorg/junit/platform/engine/support/hierarchical/EngineExecutionContext;)V+5
j  org.junit.platform.engine.support.hierarchical.Node.around(Lorg/junit/platform/engine/support/hierarchical/EngineExecutionContext;Lorg/junit/platform/engine/support/hierarchical/Node$Invocation;)V+2
j  org.junit.platform.engine.support.hierarchical.NodeTestTask.lambda$executeRecursively$8()V+14
j  org.junit.platform.engine.support.hierarchical.NodeTestTask$$Lambda$177.execute()V+4
j  org.junit.platform.engine.support.hierarchical.ThrowableCollector.execute(Lorg/junit/platform/engine/support/hierarchical/ThrowableCollector$Executable;)V+1
j  org.junit.platform.engine.support.hierarchical.NodeTestTask.executeRecursively()V+31
j  org.junit.platform.engine.support.hierarchical.NodeTestTask.execute()V+55
j  org.junit.platform.engine.support.hierarchical.SameThreadHierarchicalTestExecutorService$$Lambda$183.accept(Ljava/lang/Object;)V+4
j  java.util.ArrayList.forEach(Ljava/util/function/Consumer;)V+47
j  org.junit.platform.engine.support.hierarchical.SameThreadHierarchicalTestExecutorService.invokeAll(Ljava/util/List;)V+6
j  org.junit.platform.engine.support.hierarchical.NodeTestTask.lambda$executeRecursively$5()V+116
j  org.junit.platform.engine.support.hierarchical.NodeTestTask$$Lambda$179.execute()V+4
j  org.junit.platform.engine.support.hierarchical.ThrowableCollector.execute(Lorg/junit/platform/engine/support/hierarchical/ThrowableCollector$Executable;)V+1
j  org.junit.platform.engine.support.hierarchical.NodeTestTask.lambda$executeRecursively$7(Lorg/junit/platform/engine/support/hierarchical/EngineExecutionContext;)V+15
j  org.junit.platform.engine.support.hierarchical.NodeTestTask$$Lambda$178.invoke(Lorg/junit/platform/engine/support/hierarchical/EngineExecutionContext;)V+5
j  org.junit.platform.engine.support.hierarchical.Node.around(Lorg/junit/platform/engine/support/hierarchical/EngineExecutionContext;Lorg/junit/platform/engine/support/hierarchical/Node$Invocation;)V+2
j  org.junit.platform.engine.support.hierarchical.NodeTestTask.lambda$executeRecursively$8()V+14
j  org.junit.platform.engine.support.hierarchical.NodeTestTask$$Lambda$177.execute()V+4
j  org.junit.platform.engine.support.hierarchical.ThrowableCollector.execute(Lorg/junit/platform/engine/support/hierarchical/ThrowableCollector$Executable;)V+1
j  org.junit.platform.engine.support.hierarchical.NodeTestTask.executeRecursively()V+31
j  org.junit.platform.engine.support.hierarchical.NodeTestTask.execute()V+55
j  org.junit.platform.engine.support.hierarchical.SameThreadHierarchicalTestExecutorService.submit(Lorg/junit/platform/engine/support/hierarchical/HierarchicalTestExecutorService$TestTask;)Ljava/util/concurrent/Future;+1
j  org.junit.platform.engine.support.hierarchical.HierarchicalTestExecutor.execute()Ljava/util/concurrent/Future;+74
j  org.junit.platform.engine.support.hierarchical.HierarchicalTestEngine.execute(Lorg/junit/platform/engine/ExecutionRequest;)V+31
j  org.junit.platform.launcher.core.DefaultLauncher.execute(Lorg/junit/platform/engine/TestDescriptor;Lorg/junit/platform/engine/EngineExecutionListener;Lorg/junit/platform/engine/ConfigurationParameters;Lorg/junit/platform/engine/TestEngine;)V+24
j  org.junit.platform.launcher.core.DefaultLauncher.lambda$execute$5(Lorg/junit/platform/launcher/core/InternalTestPlan;Lorg/junit/platform/launcher/core/Root;Lorg/junit/platform/engine/ConfigurationParameters;Lorg/junit/platform/launcher/TestExecutionListener;)V+105
j  org.junit.platform.launcher.core.DefaultLauncher$$Lambda$137.accept(Ljava/lang/Object;)V+20
j  org.junit.platform.launcher.core.DefaultLauncher.withInterceptedStreams(Lorg/junit/platform/engine/ConfigurationParameters;Lorg/junit/platform/launcher/core/TestExecutionListenerRegistry;Ljava/util/function/Consumer;)V+43
j  org.junit.platform.launcher.core.DefaultLauncher.execute(Lorg/junit/platform/launcher/core/InternalTestPlan;[Lorg/junit/platform/launcher/TestExecutionListener;)V+33
j  org.junit.platform.launcher.core.DefaultLauncher.execute(Lorg/junit/platform/launcher/LauncherDiscoveryRequest;[Lorg/junit/platform/launcher/TestExecutionListener;)V+33
j  com.intellij.junit5.JUnit5IdeaTestRunner.startRunnerWithArgs([Ljava/lang/String;Ljava/lang/String;IZ)I+202
j  com.intellij.rt.junit.IdeaTestRunner$Repeater.startRunnerWithArgs(Lcom/intellij/rt/junit/IdeaTestRunner;[Ljava/lang/String;Ljava/util/ArrayList;Ljava/lang/String;IZ)I+22
j  com.intellij.rt.junit.JUnitStarter.prepareStreamsAndStart([Ljava/lang/String;Ljava/lang/String;Ljava/util/ArrayList;Ljava/lang/String;)I+116
j  com.intellij.rt.junit.JUnitStarter.main([Ljava/lang/String;)V+116
v  ~StubRoutines::call_stub

---------------  P R O C E S S  ---------------

Java Threads: ( => current thread )
  0x000000001a678800 JavaThread "Service Thread" daemon [_thread_blocked, id=13308, stack(0x000000001ae60000,0x000000001af60000)]
  0x0000000019bdf800 JavaThread "C1 CompilerThread3" daemon [_thread_blocked, id=16496, stack(0x000000001a560000,0x000000001a660000)]
  0x0000000019bde800 JavaThread "C2 CompilerThread2" daemon [_thread_blocked, id=14888, stack(0x000000001a460000,0x000000001a560000)]
  0x0000000019bdd000 JavaThread "C2 CompilerThread1" daemon [_thread_blocked, id=10680, stack(0x000000001a360000,0x000000001a460000)]
  0x0000000019bd4000 JavaThread "C2 CompilerThread0" daemon [_thread_blocked, id=16344, stack(0x000000001a260000,0x000000001a360000)]
  0x000000001990e800 JavaThread "JDWP Command Reader" daemon [_thread_in_native, id=8756, stack(0x000000001a160000,0x000000001a260000)]
  0x000000001990d000 JavaThread "JDWP Event Helper Thread" daemon [_thread_blocked, id=1544, stack(0x000000001a060000,0x000000001a160000)]
  0x00000000198ff800 JavaThread "JDWP Transport Listener: dt_socket" daemon [_thread_blocked, id=3720, stack(0x0000000019f60000,0x000000001a060000)]
  0x00000000198f8800 JavaThread "Attach Listener" daemon [_thread_blocked, id=17852, stack(0x0000000019e60000,0x0000000019f60000)]
  0x00000000198a6000 JavaThread "Signal Dispatcher" daemon [_thread_blocked, id=2712, stack(0x0000000019d60000,0x0000000019e60000)]
  0x00000000179a3000 JavaThread "Finalizer" daemon [_thread_blocked, id=13220, stack(0x0000000019c60000,0x0000000019d60000)]
  0x0000000002a5e000 JavaThread "Reference Handler" daemon [_thread_blocked, id=17988, stack(0x0000000019760000,0x0000000019860000)]
=>0x00000000027bc800 JavaThread "main" [_thread_in_vm, id=11196, stack(0x0000000002630000,0x0000000002730000)]

Other Threads:
  0x0000000017998800 VMThread [stack: 0x0000000019660000,0x0000000019760000] [id=2024]
  0x0000000019c5a800 WatcherThread [stack: 0x000000001af60000,0x000000001b060000] [id=10428]

VM state:not at safepoint (normal execution)

VM Mutex/Monitor currently owned by a thread: None

Heap:
 PSYoungGen      total 37888K, used 30331K [0x00000000d6000000, 0x00000000d8a00000, 0x0000000100000000)
  eden space 32768K, 92% used [0x00000000d6000000,0x00000000d7d9efd0,0x00000000d8000000)
  from space 5120K, 0% used [0x00000000d8500000,0x00000000d8500000,0x00000000d8a00000)
  to   space 5120K, 0% used [0x00000000d8000000,0x00000000d8000000,0x00000000d8500000)
 ParOldGen       total 86016K, used 0K [0x0000000082000000, 0x0000000087400000, 0x00000000d6000000)
  object space 86016K, 0% used [0x0000000082000000,0x0000000082000000,0x0000000087400000)
 Metaspace       used 8025K, capacity 9020K, committed 9216K, reserved 1056768K
  class space    used 1049K, capacity 1253K, committed 1280K, reserved 1048576K

Card table byte_map: [0x0000000011e20000,0x0000000012220000] byte_map_base: 0x0000000011a10000

Marking Bits: (ParMarkBitMap*) 0x00000000632d2d00
 Begin Bits: [0x0000000012cc0000, 0x0000000014c40000)
 End Bits:   [0x0000000014c40000, 0x0000000016bc0000)

Polling page: 0x0000000000990000

CodeCache: size=245760Kb used=3259Kb max_used=3269Kb free=242500Kb
 bounds [0x0000000002a60000, 0x0000000002da0000, 0x0000000011a60000]
 total_blobs=1111 nmethods=832 adapters=200
 compilation: enabled

Compilation events (10 events):
Event: 0.785 Thread 0x0000000019bdf800 nmethod 828 0x0000000002d8ae90 code [0x0000000002d8b000, 0x0000000002d8b1f0]
Event: 0.785 Thread 0x0000000019bdf800  829       3       java.lang.invoke.Invokers::checkGenericType (16 bytes)
Event: 0.786 Thread 0x0000000019bde800  832       4       jdk.internal.org.objectweb.asm.Item::isEqualTo (354 bytes)
Event: 0.786 Thread 0x0000000019bdf800 nmethod 829 0x0000000002d8b290 code [0x0000000002d8b420, 0x0000000002d8ba48]
Event: 0.786 Thread 0x0000000019bdf800  830       3       java.lang.invoke.Invokers::checkCustomized (20 bytes)
Event: 0.786 Thread 0x0000000019bdf800 nmethod 830 0x0000000002d8bc50 code [0x0000000002d8bdc0, 0x0000000002d8c068]
Event: 0.786 Thread 0x0000000019bdf800  831       3       jdk.internal.org.objectweb.asm.ClassWriter::visitEnd (1 bytes)
Event: 0.786 Thread 0x0000000019bdf800 nmethod 831 0x0000000002d8c150 code [0x0000000002d8c2a0, 0x0000000002d8c3f0]
Event: 0.790 Thread 0x0000000019bdd000 nmethod 803% 0x0000000002d90250 code [0x0000000002d903e0, 0x0000000002d915b8]
Event: 0.793 Thread 0x0000000019bde800 nmethod 832 0x0000000002d8cfd0 code [0x0000000002d8d2a0, 0x0000000002d8e038]

GC Heap History (0 events):
No events

Deoptimization events (1 events):
Event: 0.782 Thread 0x00000000027bc800 Uncommon trap: reason=unstable_if action=reinterpret pc=0x0000000002b6ef40 method=java.lang.CharacterData.of(I)Ljava/lang/CharacterData; @ 4

Classes redefined (0 events):
No events

Internal exceptions (10 events):
Event: 0.655 Thread 0x00000000027bc800 Exception <a 'java/lang/IncompatibleClassChangeError': Found class java.lang.Object, but interface was expected> (0x00000000d7434480) thrown at [C:\re\workspace\8-2-build-windows-amd64-cygwin\jdk8u181\11358\hotspot\src\share\vm\interpreter\linkResolver.cp
Event: 0.657 Thread 0x00000000027bc800 Exception <a 'java/lang/NoSuchMethodError': java.lang.Object.lambda$ofVoidMethod$0(Lorg/junit/jupiter/engine/execution/ExecutableInvoker$ReflectiveInterceptorCall$VoidMethodInterceptorCall;Lorg/junit/jupiter/api/extension/InvocationInterceptor;Lorg/junit/
Event: 0.664 Thread 0x00000000027bc800 Exception <a 'java/lang/IncompatibleClassChangeError': Found class java.lang.Object, but interface was expected> (0x00000000d74c2090) thrown at [C:\re\workspace\8-2-build-windows-amd64-cygwin\jdk8u181\11358\hotspot\src\share\vm\interpreter\linkResolver.cp
Event: 0.664 Thread 0x00000000027bc800 Exception <a 'java/lang/NoSuchMethodError': java.lang.Object.lambda$accept$0(Lorg/junit/platform/engine/TestDescriptor$Visitor;Lorg/junit/platform/engine/TestDescriptor;)V> (0x00000000d74c68a8) thrown at [C:\re\workspace\8-2-build-windows-amd64-cygwin\jdk
Event: 0.671 Thread 0x00000000027bc800 Exception <a 'java/lang/NoSuchMethodError': java.lang.Object.containsTests(Lorg/junit/platform/engine/TestDescriptor;)Z> (0x00000000d7528c78) thrown at [C:\re\workspace\8-2-build-windows-amd64-cygwin\jdk8u181\11358\hotspot\src\share\vm\interpreter\linkRes
Event: 0.685 Thread 0x00000000027bc800 Exception <a 'java/lang/IncompatibleClassChangeError': Found class java.lang.Object, but interface was expected> (0x00000000d75d7f58) thrown at [C:\re\workspace\8-2-build-windows-amd64-cygwin\jdk8u181\11358\hotspot\src\share\vm\interpreter\linkResolver.cp
Event: 0.706 Thread 0x00000000027bc800 Exception <a 'java/lang/NoSuchMethodError': java.lang.Object.lambda$comparing$77a9974f$1(Ljava/util/function/Function;Ljava/lang/Object;Ljava/lang/Object;)I> (0x00000000d774af50) thrown at [C:\re\workspace\8-2-build-windows-amd64-cygwin\jdk8u181\11358\hot
Event: 0.707 Thread 0x00000000027bc800 Exception <a 'java/lang/NoSuchMethodError': java.lang.Object.lambda$thenComparing$36697e65$1(Ljava/util/Comparator;Ljava/lang/Object;Ljava/lang/Object;)I> (0x00000000d776cef8) thrown at [C:\re\workspace\8-2-build-windows-amd64-cygwin\jdk8u181\11358\hotspo
Event: 0.736 Thread 0x00000000027bc800 Exception <a 'java/lang/NoSuchMethodError': java.lang.Object.lambda$and$0(Ljava/util/function/Predicate;Ljava/lang/Object;)Z> (0x00000000d7a13930) thrown at [C:\re\workspace\8-2-build-windows-amd64-cygwin\jdk8u181\11358\hotspot\src\share\vm\interpreter\li
Event: 0.767 Thread 0x00000000027bc800 Exception <a 'java/lang/IncompatibleClassChangeError': Found class java.lang.Object, but interface was expected> (0x00000000d7b9b2f8) thrown at [C:\re\workspace\8-2-build-windows-amd64-cygwin\jdk8u181\11358\hotspot\src\share\vm\interpreter\linkResolver.cp

Events (10 events):
Event: 5.491 Executing VM operation: GetCurrentLocation
Event: 5.491 Executing VM operation: GetCurrentLocation done
Event: 5.491 Executing VM operation: ChangeSingleStep
Event: 5.491 Executing VM operation: ChangeSingleStep done
Event: 5.492 Executing VM operation: ChangeSingleStep
Event: 5.492 Executing VM operation: ChangeSingleStep done
Event: 5.492 Executing VM operation: GetCurrentLocation
Event: 5.492 Executing VM operation: GetCurrentLocation done
Event: 5.492 Executing VM operation: ChangeSingleStep
Event: 5.492 Executing VM operation: ChangeSingleStep done


Dynamic libraries:
0x00007ff7859b0000 - 0x00007ff7859e7000 	D:\APP\JDK8\Main\bin\java.exe
0x00007ffd52dc0000 - 0x00007ffd52fb0000 	C:\WINDOWS\SYSTEM32\ntdll.dll
0x00007ffd51c70000 - 0x00007ffd51d22000 	C:\WINDOWS\System32\KERNEL32.DLL
0x00007ffd50440000 - 0x00007ffd506e5000 	C:\WINDOWS\System32\KERNELBASE.dll
0x00007ffd51fb0000 - 0x00007ffd52053000 	C:\WINDOWS\System32\ADVAPI32.dll
0x00007ffd51da0000 - 0x00007ffd51e3e000 	C:\WINDOWS\System32\msvcrt.dll
0x00007ffd51f10000 - 0x00007ffd51fa7000 	C:\WINDOWS\System32\sechost.dll
0x00007ffd514e0000 - 0x00007ffd51600000 	C:\WINDOWS\System32\RPCRT4.dll
0x00007ffd51a80000 - 0x00007ffd51c15000 	C:\WINDOWS\System32\USER32.dll
0x00007ffd4fea0000 - 0x00007ffd4fec1000 	C:\WINDOWS\System32\win32u.dll
0x00007ffd52070000 - 0x00007ffd52096000 	C:\WINDOWS\System32\GDI32.dll
0x00007ffd50080000 - 0x00007ffd50216000 	C:\WINDOWS\System32\gdi32full.dll
0x00007ffd4fe00000 - 0x00007ffd4fe9e000 	C:\WINDOWS\System32\msvcp_win.dll
0x00007ffd502a0000 - 0x00007ffd5039a000 	C:\WINDOWS\System32\ucrtbase.dll
0x00007ffd442d0000 - 0x00007ffd44554000 	C:\WINDOWS\WinSxS\amd64_microsoft.windows.common-controls_6595b64144ccf1df_6.0.18362.1082_none_9e8193e1e45b25c1\COMCTL32.dll
0x00007ffd51740000 - 0x00007ffd51a75000 	C:\WINDOWS\System32\combase.dll
0x00007ffd503a0000 - 0x00007ffd50420000 	C:\WINDOWS\System32\bcryptPrimitives.dll
0x00007ffd51c40000 - 0x00007ffd51c6e000 	C:\WINDOWS\System32\IMM32.DLL
0x0000000063360000 - 0x0000000063432000 	D:\APP\JDK8\Main\jre\bin\msvcr100.dll
0x0000000062ab0000 - 0x0000000063352000 	D:\APP\JDK8\Main\jre\bin\server\jvm.dll
0x00007ffd52060000 - 0x00007ffd52068000 	C:\WINDOWS\System32\PSAPI.DLL
0x00007ffd45fd0000 - 0x00007ffd45fd9000 	C:\WINDOWS\SYSTEM32\WSOCK32.dll
0x00007ffd4ab90000 - 0x00007ffd4ab9a000 	C:\WINDOWS\SYSTEM32\VERSION.dll
0x00007ffd3d650000 - 0x00007ffd3d674000 	C:\WINDOWS\SYSTEM32\WINMM.dll
0x00007ffd52250000 - 0x00007ffd522bf000 	C:\WINDOWS\System32\WS2_32.dll
0x00007ffd448c0000 - 0x00007ffd448ed000 	C:\WINDOWS\SYSTEM32\winmmbase.dll
0x00007ffd50220000 - 0x00007ffd5026a000 	C:\WINDOWS\System32\cfgmgr32.dll
0x0000000062aa0000 - 0x0000000062aaf000 	D:\APP\JDK8\Main\jre\bin\verify.dll
0x0000000062a70000 - 0x0000000062a99000 	D:\APP\JDK8\Main\jre\bin\java.dll
0x0000000062a10000 - 0x0000000062a45000 	D:\APP\JDK8\Main\jre\bin\jdwp.dll
0x0000000062a00000 - 0x0000000062a08000 	D:\APP\JDK8\Main\jre\bin\npt.dll
0x00000000629d0000 - 0x00000000629f3000 	D:\APP\JDK8\Main\jre\bin\instrument.dll
0x0000000062a50000 - 0x0000000062a66000 	D:\APP\JDK8\Main\jre\bin\zip.dll
0x00007ffd522c0000 - 0x00007ffd529a7000 	C:\WINDOWS\System32\SHELL32.dll
0x00007ffd50ee0000 - 0x00007ffd50f89000 	C:\WINDOWS\System32\shcore.dll
0x00007ffd506f0000 - 0x00007ffd50e70000 	C:\WINDOWS\System32\windows.storage.dll
0x00007ffd4fc90000 - 0x00007ffd4fcb3000 	C:\WINDOWS\System32\profapi.dll
0x00007ffd4fcc0000 - 0x00007ffd4fd0a000 	C:\WINDOWS\System32\powrprof.dll
0x00007ffd4fc80000 - 0x00007ffd4fc90000 	C:\WINDOWS\System32\UMPDC.dll
0x00007ffd51480000 - 0x00007ffd514d2000 	C:\WINDOWS\System32\shlwapi.dll
0x00007ffd4fd30000 - 0x00007ffd4fd41000 	C:\WINDOWS\System32\kernel.appcore.dll
0x00007ffd50420000 - 0x00007ffd50437000 	C:\WINDOWS\System32\cryptsp.dll
0x00000000629c0000 - 0x00000000629c9000 	D:\APP\JDK8\Main\jre\bin\dt_socket.dll
0x00007ffd4f4d0000 - 0x00007ffd4f537000 	C:\WINDOWS\system32\mswsock.dll
0x00007ffd48e50000 - 0x00007ffd49044000 	C:\WINDOWS\SYSTEM32\dbghelp.dll

VM Arguments:
jvm_args: -agentlib:jdwp=transport=dt_socket,address=127.0.0.1:53279,suspend=y,server=n -ea -Didea.test.cyclic.buffer.size=1048576 -javaagent:C:\Users\Zero\AppData\Local\JetBrains\IntelliJIdea2020.1\captureAgent\debugger-agent.jar -Dfile.encoding=UTF-8 
java_command: com.intellij.rt.junit.JUnitStarter -ideVersion5 -junit5 @w@C:\Users\Zero\AppData\Local\Temp\idea_working_dirs_junit.tmp @C:\Users\Zero\AppData\Local\Temp\idea_junit.tmp
java_class_path (initial): C:\Program Files\JetBrains\IntelliJ IDEA 2020.1\lib\idea_rt.jar;C:\Users\Zero\.m2\repository\org\junit\platform\junit-platform-launcher\1.6.2\junit-platform-launcher-1.6.2.jar;C:\Program Files\JetBrains\IntelliJ IDEA 2020.1\plugins\junit\lib\junit5-rt.jar;C:\Program Files\JetBrains\IntelliJ IDEA 2020.1\plugins\junit\lib\junit-rt.jar;D:\APP\JDK8\Main\jre\lib\charsets.jar;D:\APP\JDK8\Main\jre\lib\deploy.jar;D:\APP\JDK8\Main\jre\lib\ext\access-bridge-64.jar;D:\APP\JDK8\Main\jre\lib\ext\cldrdata.jar;D:\APP\JDK8\Main\jre\lib\ext\dnsns.jar;D:\APP\JDK8\Main\jre\lib\ext\jaccess.jar;D:\APP\JDK8\Main\jre\lib\ext\jfxrt.jar;D:\APP\JDK8\Main\jre\lib\ext\localedata.jar;D:\APP\JDK8\Main\jre\lib\ext\nashorn.jar;D:\APP\JDK8\Main\jre\lib\ext\sunec.jar;D:\APP\JDK8\Main\jre\lib\ext\sunjce_provider.jar;D:\APP\JDK8\Main\jre\lib\ext\sunmscapi.jar;D:\APP\JDK8\Main\jre\lib\ext\sunpkcs11.jar;D:\APP\JDK8\Main\jre\lib\ext\zipfs.jar;D:\APP\JDK8\Main\jre\lib\javaws.jar;D:\APP\JDK8\Main\jre\lib\jce.jar;D:\APP\JDK8\Main\jre\lib\jfr.jar;D:\APP\JDK8\Main\jre\lib\jfxswt.jar;D:\APP\JDK8\Main\jre\lib\jsse.jar;D:\APP\JDK8\Main\jre\lib\management-agent.jar;D:\APP\JDK8\Main\jre\lib\plugin.jar;D:\APP\JDK8\Main\jre\lib\resources.jar;D:\APP\JDK8\Main\jre\lib\rt.jar;D:\Working\encoder-decoder\encoder\target\test-classes;D:\Working\encoder-decoder\encoder\target\classes;C:\Users\Zero\.m2\repository\org\springframework\boot\spring-boot-starter\2.3.0.RELEASE\spring-boot-starter-2.3.0.RELEASE.jar;C:\Users\Zero\.m2\repository\org\springframework\boot\spring-boot\2.3.0.RELEASE\spring-boot-2.3.0.RELEASE.jar;C:\Users\Zero\.m2\repository\org\springframework\spring-context\5.2.6.RELEASE\spring-context-5.2.6.RELEASE.jar;C:\Users\Zero\.m2\repository\org\springframework\spring-aop\5.2.6.RELEASE\spring-aop-5.2.6.RELEASE.jar;C:\Users\Zero\.m2\repository\org\springframework\spring-beans\5.2.6.RELEASE\spring-beans-5.2.6.RELEASE.jar;C:\Users\Zero\.m2\repository\org\springframework\spring-expression
Launcher Type: SUN_STANDARD

Environment Variables:
JAVA_HOME=D:\APP\JDK\jdk-13.0.2_windows-x64_bin\jdk-13.0.2
CLASSPATH=D:\APP\Tomcat\apache-tomcat-9.0.30-windows-x64\apache-tomcat-9.0.30\lib\servlet-api.jar;
PATH=C:\Program Files (x86)\Common Files\Oracle\Java\javapath;D:\APP\anaconda\MAIN;D:\APP\anaconda\MAIN\Library\mingw-w64\bin;D:\APP\anaconda\MAIN\Library\usr\bin;D:\APP\anaconda\MAIN\Library\bin;D:\APP\anaconda\MAIN\Scripts;C:\Program Files\Microsoft HPC Pack 2008 R2\Bin\;C:\Program Files (x86)\Intel\Intel(R) Management Engine Components\iCLS\;C:\Program Files\Intel\Intel(R) Management Engine Components\iCLS\;C:\Windows\system32;C:\Windows;C:\Windows\System32\Wbem;C:\Windows\System32\WindowsPowerShell\v1.0\;C:\Windows\System32\OpenSSH\;C:\Program Files (x86)\Intel\Intel(R) Management Engine Components\DAL;C:\Program Files\Intel\Intel(R) Management Engine Components\DAL;C:\Program Files (x86)\Intel\Intel(R) Management Engine Components\IPT;C:\Program Files\Intel\Intel(R) Management Engine Components\IPT;C:\Program Files (x86)\NVIDIA Corporation\PhysX\Common;D:\APP\Abaqus\MAIN\Commands;C:\Program Files\Microsoft VS Code\bin;C:\Users\Zero\AppData\Roaming\Python\Python37\Scripts;D:\APP\Git\cmd;C:\WINDOWS\system32;C:\WINDOWS;C:\WINDOWS\System32\Wbem;C:\WINDOWS\System32\WindowsPowerShell\v1.0\;C:\WINDOWS\System32\OpenSSH\;D:\APP\JDK\jdk-13.0.2_windows-x64_bin\jdk-13.0.2\bin;D:\APP\maven\apache-maven-3.6.3-bin\apache-maven-3.6.3\bin;D:\APP\Abaqus\MAIN\6.14-5\code\bin\SMAExternal\Interop\redist;D:\APP\Putty\MAIN\;C:\Program Files\Microsoft SQL Server\130\Tools\Binn\;D:\APP\Redis\Redis-x64-3.2.100;D:\APP\NodeJs\;C:\TDengine;D:\APP\Gradle\gradle-6.5.1-bin\gradle-6.5.1\bin;D:\APP\GroovySDK\apache-groovy-sdk-3.0.4\groovy-3.0.4\bin;C:\Users\Zero\AppData\Local\Microsoft\WindowsApps;;D:\APP\VS_Code\Microsoft VS Code\bin;C:\Users\Zero\AppData\Roaming\npm;C:\Program Files\JetBrains\IntelliJ IDEA 2020.1\bin;
USERNAME=Zero
OS=Windows_NT
PROCESSOR_IDENTIFIER=Intel64 Family 6 Model 158 Stepping 10, GenuineIntel



---------------  S Y S T E M  ---------------

OS: Windows 10.0 , 64 bit Build 18362 (10.0.18362.1082)

CPU:total 8 (initial active 8) (4 cores per cpu, 2 threads per core) family 6 model 158 stepping 10, cmov, cx8, fxsr, mmx, sse, sse2, sse3, ssse3, sse4.1, sse4.2, popcnt, avx, avx2, aes, clmul, erms, 3dnowpref, lzcnt, ht, tsc, tscinvbit, bmi1, bmi2, adx

Memory: 4k page, physical 8254644k(1069144k free), swap 19788980k(6570276k free)

vm_info: Java HotSpot(TM) 64-Bit Server VM (25.181-b13) for windows-amd64 JRE (1.8.0_181-b13), built on Jul  7 2018 04:01:33 by "java_re" with MS VC++ 10.0 (VS2010)

time: Sat Sep 26 14:32:59 2020
elapsed time: 5 seconds (0d 0h 0m 5s)

